Token #1: AND C.Lexico: Palabra_Reservada [5,0]
Token #2: ARRAY C.Lexico: Palabra_Reservada [5,4]
Token #3: BEGIN C.Lexico: Palabra_Reservada [6,0]
Token #4: BOOLEAN C.Lexico: Palabra_Reservada [6,6]
Token #5: BYTE C.Lexico: Palabra_Reservada [6,14]
Token #6: CASE C.Lexico: Palabra_Reservada [7,0]
Token #7: CHAR C.Lexico: Palabra_Reservada [7,5]
Token #8: CONST C.Lexico: Palabra_Reservada [7,10]
Token #9: DIV C.Lexico: Palabra_Reservada [8,0]
Token #10: DO C.Lexico: Palabra_Reservada [8,4]
Token #11: DOWNTO C.Lexico: Palabra_Reservada [8,7]
Token #12: ELSE C.Lexico: Palabra_Reservada [9,0]
Token #13: END C.Lexico: Palabra_Reservada [9,5]
Token #14: FALSE C.Lexico: Palabra_Reservada [10,0]
Token #15: FILE C.Lexico: Palabra_Reservada [10,6]
Token #16: FOR C.Lexico: Palabra_Reservada [10,11]
Token #17: FORWARD C.Lexico: Palabra_Reservada [10,15]
Token #18: FUNCTION C.Lexico: Palabra_Reservada [10,23]
Token #19: GOTO C.Lexico: Palabra_Reservada [11,0]
Token #20: IF C.Lexico: Palabra_Reservada [12,0]
Token #21: IN C.Lexico: Palabra_Reservada [12,3]
Token #22: INLINE C.Lexico: Palabra_Reservada [12,6]
Token #23: INT C.Lexico: Palabra_Reservada [12,13]
Token #24: LABEL C.Lexico: Palabra_Reservada [13,0]
Token #25: LONGINT C.Lexico: Palabra_Reservada [13,6]
Token #26: MOD C.Lexico: Palabra_Reservada [14,0]
Token #27: NIL C.Lexico: Palabra_Reservada [15,0]
Token #28: NOT C.Lexico: Palabra_Reservada [15,4]
Token #29: OF C.Lexico: Palabra_Reservada [16,0]
Token #30: OR C.Lexico: Palabra_Reservada [16,3]
Token #31: PACKED C.Lexico: Palabra_Reservada [17,0]
Token #32: PROCEDURE C.Lexico: Palabra_Reservada [17,7]
Token #33: PROGRAM C.Lexico: Palabra_Reservada [17,17]
Token #34: READ C.Lexico: Palabra_Reservada [18,0]
Token #35: REAL C.Lexico: Palabra_Reservada [18,5]
Token #36: RECORD C.Lexico: Palabra_Reservada [18,10]
Token #37: REPEAT C.Lexico: Palabra_Reservada [18,17]
Token #38: SET C.Lexico: Palabra_Reservada [19,0]
Token #39: SHORTINT C.Lexico: Palabra_Reservada [19,4]
Token #40: STRING C.Lexico: Palabra_Reservada [19,13]
Token #41: THEN C.Lexico: Palabra_Reservada [20,0]
Token #42: TO C.Lexico: Palabra_Reservada [20,5]
Token #43: TRUE C.Lexico: Palabra_Reservada [20,8]
Token #44: TYPE C.Lexico: Palabra_Reservada [20,13]
Token #45: UNTIL C.Lexico: Palabra_Reservada [21,0]
Token #46: VAR C.Lexico: Palabra_Reservada [22,0]
Token #47: WHILE C.Lexico: Palabra_Reservada [23,0]
Token #48: WITH C.Lexico: Palabra_Reservada [23,6]
Token #49: WRITE C.Lexico: Palabra_Reservada [23,11]
Token #50: XOR C.Lexico: Palabra_Reservada [23,17]
Token #51: , C.Lexico: Operador [29,0]
Token #52: ; C.Lexico: Operador [29,2]
Token #53: ++ C.Lexico: Operador [30,0]
Token #54: -- C.Lexico: Operador [30,3]
Token #55: >= C.Lexico: Operador [30,6]
Token #56: > C.Lexico: Operador [30,9]
Token #57: <= C.Lexico: Operador [30,11]
Token #58: < C.Lexico: Operador [30,14]
Token #59: <> C.Lexico: Operador [30,16]
Token #60: = C.Lexico: Operador [30,19]
Token #61: + C.Lexico: Operador [31,0]
Token #62: - C.Lexico: Operador [31,3]
Token #63: * C.Lexico: Operador [31,6]
Token #64: / C.Lexico: Operador [31,11]
Token #65: ( C.Lexico: Operador [32,0]
Token #66: ) C.Lexico: Operador [32,3]
Token #67: [ C.Lexico: Operador [32,6]
Token #68: ] C.Lexico: Operador [32,9]
Token #69: := C.Lexico: Operador [33,0]
Token #70: . C.Lexico: Operador [33,4]
Token #71: : C.Lexico: Operador [33,8]
Token #72: += C.Lexico: Operador [33,12]
Token #73: -= C.Lexico: Operador [33,16]
Token #74: *= C.Lexico: Operador [33,20]
Token #75: /= C.Lexico: Operador [33,23]
Token #76: >> C.Lexico: Operador [34,0]
Token #77: << C.Lexico: Operador [34,3]
Token #78: <<= C.Lexico: Operador [34,6]
Token #79: >>= C.Lexico: Operador [34,10]
Token #80: 2 C.Lexico: Literal_Numerica_Entera [38,4]
Token #81: 1.2 C.Lexico: Literal_Numerica_Flotante [39,1]
Token #82: e C.Lexico: Identificador [39,4]
Token #83: 1.2E0 C.Lexico: Literal_Numerica_Real [40,1]
Token #84: tambien C.Lexico: Identificador [44,0]
Token #85: es C.Lexico: Identificador [44,8]
Token #86: de C.Lexico: Identificador [44,11]
Token #87: boloque C.Lexico: Identificador [44,14]
